<?xml version="1.0" encoding="UTF-8"?>
<!-- Generated by org.testng.reporters.JUnitReportReporter -->
<testsuite hostname="HSL05350" name="com.factory.tests.Test_Cases" tests="11" failures="0" timestamp="20 Apr 2017 13:21:08 GMT" time="31.052" errors="0">
  <testcase name="Execute_Configuration" time="0.000" classname="com.factory.tests.Test_Cases"/>
  <testcase name="Execute_Configuration" time="0.001" classname="com.factory.tests.Test_Cases"/>
  <testcase name="Execute_Configuration" time="0.001" classname="com.factory.tests.Test_Cases"/>
  <testcase name="Execute_Configuration" time="0.001" classname="com.factory.tests.Test_Cases"/>
  <testcase name="Execute_Configuration" time="31.046" classname="com.factory.tests.Test_Cases"/>
  <testcase name="Execute_Configuration" time="0.000" classname="com.factory.tests.Test_Cases"/>
  <testcase name="Execute_Configuration" time="0.000" classname="com.factory.tests.Test_Cases"/>
  <testcase name="Execute_Configuration" time="0.001" classname="com.factory.tests.Test_Cases"/>
  <testcase name="Execute_Configuration" time="0.001" classname="com.factory.tests.Test_Cases"/>
  <testcase name="Execute_Configuration" time="0.000" classname="com.factory.tests.Test_Cases"/>
  <testcase name="Execute_Configuration" time="0.001" classname="com.factory.tests.Test_Cases"/>
</testsuite> <!-- com.factory.tests.Test_Cases -->
