<?xml version="1.0" encoding="UTF-8"?>
<!-- Generated by org.testng.reporters.JUnitReportReporter -->
<testsuite name="com.factory.tests.Test_Cases" tests="3" time="37.674" ignored="0" failures="0" timestamp="17 Mar 2017 10:48:02 GMT" skipped="0" hostname="NGD09811" errors="0">
  <testcase name="Execute_Configuration" time="37.670" classname="com.factory.tests.Test_Cases"/>
  <testcase name="Execute_Configuration" time="0.003" classname="com.factory.tests.Test_Cases"/>
  <testcase name="Execute_Configuration" time="0.001" classname="com.factory.tests.Test_Cases"/>
</testsuite> <!-- com.factory.tests.Test_Cases -->
